февр. 29, 2024 7:14:46 PM log.LoggerDemo main
SEVERE: New Year's Day
февр. 29, 2024 7:14:46 PM log.LoggerDemo main
SEVERE: Martin Luther King Jr. Day
февр. 29, 2024 7:14:46 PM log.LoggerDemo main
SEVERE: Inauguration Day (<span title="District of Columbia">DC</span>, <span title="Maryland: partly">MD*</span>, <span title="Virginia: partly">VA*</span>)
февр. 29, 2024 7:14:46 PM log.LoggerDemo main
SEVERE: Presidents' Day
февр. 29, 2024 7:14:46 PM log.LoggerDemo main
SEVERE: Memorial Day
февр. 29, 2024 7:14:46 PM log.LoggerDemo main
SEVERE: 'Juneteenth' day off
февр. 29, 2024 7:14:46 PM log.LoggerDemo main
SEVERE: 'Independence Day' day off
февр. 29, 2024 7:14:46 PM log.LoggerDemo main
SEVERE: Labor Day
февр. 29, 2024 7:14:46 PM log.LoggerDemo main
SEVERE: Columbus Day
февр. 29, 2024 7:14:46 PM log.LoggerDemo main
SEVERE: Veterans Day
февр. 29, 2024 7:14:46 PM log.LoggerDemo main
SEVERE: Thanksgiving Day
февр. 29, 2024 7:14:46 PM log.LoggerDemo main
SEVERE: 'Christmas Day' day off
февр. 29, 2024 7:14:46 PM log.LoggerDemo main
SEVERE: 'New Year's Day' day off
